  renderer.cpp
c:\glo-2018-2\infographie\tp\infographieift3100h19eq14\src\renderer.cpp(166): warning C4996: 'ofNode::rotate': Use the Deg/Rad version
  c:\glo-2018-2\infographie\of_v0.10.1_vs2017_release\libs\openframeworks\3d\ofnode.h(307): note: see declaration of 'ofNode::rotate'
c:\glo-2018-2\infographie\tp\infographieift3100h19eq14\src\renderer.cpp(438): warning C4996: 'ofImage_<unsigned char>::getPixelsRef': Use getPixels() instead
  c:\glo-2018-2\infographie\of_v0.10.1_vs2017_release\libs\openframeworks\graphics\ofimage.h(410): note: see declaration of 'ofImage_<unsigned char>::getPixelsRef'
c:\glo-2018-2\infographie\tp\infographieift3100h19eq14\src\renderer.cpp(598): warning C4996: 'ofRotate': Use ofRotateDeg or ofRotateRad
  c:\glo-2018-2\infographie\of_v0.10.1_vs2017_release\libs\openframeworks\graphics\ofgraphics.h(1008): note: see declaration of 'ofRotate'
c:\glo-2018-2\infographie\tp\infographieift3100h19eq14\src\renderer.cpp(622): warning C4996: 'ofRotate': Use ofRotateDeg or ofRotateRad
  c:\glo-2018-2\infographie\of_v0.10.1_vs2017_release\libs\openframeworks\graphics\ofgraphics.h(1008): note: see declaration of 'ofRotate'
c:\glo-2018-2\infographie\tp\infographieift3100h19eq14\src\renderer.cpp(630): warning C4996: 'ofTriangle': Use ofDrawTriangle instead
  c:\glo-2018-2\infographie\of_v0.10.1_vs2017_release\libs\openframeworks\graphics\ofgraphics.h(498): note: see declaration of 'ofTriangle'
c:\glo-2018-2\infographie\tp\infographieift3100h19eq14\src\renderer.cpp(1003): warning C4018: '<': signed/unsigned mismatch
  infographieIft3100H19eq14.vcxproj -> C:\GLO-2018-2\Infographie\TP\infographieIft3100H19eq14\bin\infographieIft3100H19eq14_debug.exe
  
  	                   2	C:\GLO-2018-2\Infographie\of_v0.10.1_vs2017_release\libs\fmodex\lib\vs\Win32\
  	  *EXTRA File 		 3506176	C:\GLO-2018-2\Infographie\TP\infographieIft3100H19eq14\bin\assimp32.dll
  	  *EXTRA File 		 4244992	C:\GLO-2018-2\Infographie\TP\infographieIft3100H19eq14\bin\assimp64.dll
  	  *EXTRA File 		 6018560	C:\GLO-2018-2\Infographie\TP\infographieIft3100H19eq14\bin\FreeImage.dll
  
  	                   1	C:\GLO-2018-2\Infographie\of_v0.10.1_vs2017_release\libs\FreeImage\lib\vs\Win32\
  	  *EXTRA File 		 3506176	C:\GLO-2018-2\Infographie\TP\infographieIft3100H19eq14\bin\assimp32.dll
  	  *EXTRA File 		 4244992	C:\GLO-2018-2\Infographie\TP\infographieIft3100H19eq14\bin\assimp64.dll
  	  *EXTRA File 		 1266176	C:\GLO-2018-2\Infographie\TP\infographieIft3100H19eq14\bin\fmodex.dll
  	  *EXTRA File 		 1312768	C:\GLO-2018-2\Infographie\TP\infographieIft3100H19eq14\bin\fmodexL.dll
